[03-Jun-2017 14:05:54 UTC] PHP Notice:  Undefined index: searchBox in /home/ubuntu/workspace/views_locationinfo/index.php on line 158
[03-Jun-2017 14:05:54 UTC] PHP Stack trace:
[03-Jun-2017 14:05:54 UTC] PHP   1. {main}() /home/ubuntu/workspace/views_locationinfo/index.php:0
[03-Jun-2017 14:06:17 UTC] PHP Notice:  Undefined index: searchBox in /home/ubuntu/workspace/views_locationinfo/index.php on line 159
[03-Jun-2017 14:06:17 UTC] PHP Stack trace:
[03-Jun-2017 14:06:17 UTC] PHP   1. {main}() /home/ubuntu/workspace/views_locationinfo/index.php:0
[03-Jun-2017 14:41:39 UTC] PHP Notice:  Undefined index: searchBox in /home/ubuntu/workspace/views_locationinfo/index.php on line 159
[03-Jun-2017 14:41:39 UTC] PHP Stack trace:
[03-Jun-2017 14:41:39 UTC] PHP   1. {main}() /home/ubuntu/workspace/views_locationinfo/index.php:0
[03-Jun-2017 17:00:07 UTC] PHP Notice:  Undefined index: place in /home/ubuntu/workspace/views_locationinfo/index.php on line 152
[03-Jun-2017 17:00:07 UTC] PHP Stack trace:
[03-Jun-2017 17:00:07 UTC] PHP   1. {main}() /home/ubuntu/workspace/views_locationinfo/index.php:0
[03-Jun-2017 17:01:54 UTC] PHP Notice:  Undefined index: lat in /home/ubuntu/workspace/views_locationinfo/index.php on line 152
[03-Jun-2017 17:01:54 UTC] PHP Stack trace:
[03-Jun-2017 17:01:54 UTC] PHP   1. {main}() /home/ubuntu/workspace/views_locationinfo/index.php:0
[03-Jun-2017 17:01:54 UTC] PHP Notice:  Undefined index: lng in /home/ubuntu/workspace/views_locationinfo/index.php on line 153
[03-Jun-2017 17:01:54 UTC] PHP Stack trace:
[03-Jun-2017 17:01:54 UTC] PHP   1. {main}() /home/ubuntu/workspace/views_locationinfo/index.php:0
[03-Jun-2017 17:04:38 UTC] PHP Notice:  Undefined index: lat in /home/ubuntu/workspace/views_locationinfo/index.php on line 152
[03-Jun-2017 17:04:38 UTC] PHP Stack trace:
[03-Jun-2017 17:04:38 UTC] PHP   1. {main}() /home/ubuntu/workspace/views_locationinfo/index.php:0
[03-Jun-2017 17:04:38 UTC] PHP Notice:  Undefined index: lng in /home/ubuntu/workspace/views_locationinfo/index.php on line 153
[03-Jun-2017 17:04:38 UTC] PHP Stack trace:
[03-Jun-2017 17:04:38 UTC] PHP   1. {main}() /home/ubuntu/workspace/views_locationinfo/index.php:0
[03-Jun-2017 17:05:16 UTC] PHP Notice:  Undefined index: lat in /home/ubuntu/workspace/views_locationinfo/index.php on line 152
[03-Jun-2017 17:05:16 UTC] PHP Stack trace:
[03-Jun-2017 17:05:16 UTC] PHP   1. {main}() /home/ubuntu/workspace/views_locationinfo/index.php:0
[03-Jun-2017 17:05:16 UTC] PHP Notice:  Undefined index: lng in /home/ubuntu/workspace/views_locationinfo/index.php on line 153
[03-Jun-2017 17:05:16 UTC] PHP Stack trace:
[03-Jun-2017 17:05:16 UTC] PHP   1. {main}() /home/ubuntu/workspace/views_locationinfo/index.php:0
[03-Jun-2017 17:08:23 UTC] PHP Notice:  Undefined index: lat in /home/ubuntu/workspace/views_locationinfo/index.php on line 152
[03-Jun-2017 17:08:23 UTC] PHP Stack trace:
[03-Jun-2017 17:08:23 UTC] PHP   1. {main}() /home/ubuntu/workspace/views_locationinfo/index.php:0
[03-Jun-2017 17:08:23 UTC] PHP Notice:  Undefined index: lng in /home/ubuntu/workspace/views_locationinfo/index.php on line 153
[03-Jun-2017 17:08:23 UTC] PHP Stack trace:
[03-Jun-2017 17:08:23 UTC] PHP   1. {main}() /home/ubuntu/workspace/views_locationinfo/index.php:0
[03-Jun-2017 17:08:30 UTC] PHP Notice:  Undefined index: lat in /home/ubuntu/workspace/views_locationinfo/index.php on line 152
[03-Jun-2017 17:08:30 UTC] PHP Stack trace:
[03-Jun-2017 17:08:30 UTC] PHP   1. {main}() /home/ubuntu/workspace/views_locationinfo/index.php:0
[03-Jun-2017 17:08:30 UTC] PHP Notice:  Undefined index: lng in /home/ubuntu/workspace/views_locationinfo/index.php on line 153
[03-Jun-2017 17:08:30 UTC] PHP Stack trace:
[03-Jun-2017 17:08:30 UTC] PHP   1. {main}() /home/ubuntu/workspace/views_locationinfo/index.php:0
[03-Jun-2017 17:08:32 UTC] PHP Notice:  Undefined index: lat in /home/ubuntu/workspace/views_locationinfo/index.php on line 152
[03-Jun-2017 17:08:32 UTC] PHP Stack trace:
[03-Jun-2017 17:08:32 UTC] PHP   1. {main}() /home/ubuntu/workspace/views_locationinfo/index.php:0
[03-Jun-2017 17:08:32 UTC] PHP Notice:  Undefined index: lng in /home/ubuntu/workspace/views_locationinfo/index.php on line 153
[03-Jun-2017 17:08:32 UTC] PHP Stack trace:
[03-Jun-2017 17:08:32 UTC] PHP   1. {main}() /home/ubuntu/workspace/views_locationinfo/index.php:0
[03-Jun-2017 17:11:34 UTC] PHP Notice:  Undefined index: lat in /home/ubuntu/workspace/views_locationinfo/index.php on line 152
[03-Jun-2017 17:11:34 UTC] PHP Stack trace:
[03-Jun-2017 17:11:34 UTC] PHP   1. {main}() /home/ubuntu/workspace/views_locationinfo/index.php:0
[03-Jun-2017 17:11:34 UTC] PHP Notice:  Undefined index: lng in /home/ubuntu/workspace/views_locationinfo/index.php on line 153
[03-Jun-2017 17:11:34 UTC] PHP Stack trace:
[03-Jun-2017 17:11:34 UTC] PHP   1. {main}() /home/ubuntu/workspace/views_locationinfo/index.php:0
[03-Jun-2017 17:11:34 UTC] PHP Notice:  Undefined index: lat in /home/ubuntu/workspace/views_locationinfo/index.php on line 152
[03-Jun-2017 17:11:34 UTC] PHP Stack trace:
[03-Jun-2017 17:11:34 UTC] PHP   1. {main}() /home/ubuntu/workspace/views_locationinfo/index.php:0
[03-Jun-2017 17:11:34 UTC] PHP Notice:  Undefined index: lng in /home/ubuntu/workspace/views_locationinfo/index.php on line 153
[03-Jun-2017 17:11:34 UTC] PHP Stack trace:
[03-Jun-2017 17:11:34 UTC] PHP   1. {main}() /home/ubuntu/workspace/views_locationinfo/index.php:0
[03-Jun-2017 17:11:35 UTC] PHP Notice:  Undefined index: lat in /home/ubuntu/workspace/views_locationinfo/index.php on line 152
[03-Jun-2017 17:11:35 UTC] PHP Stack trace:
[03-Jun-2017 17:11:35 UTC] PHP   1. {main}() /home/ubuntu/workspace/views_locationinfo/index.php:0
[03-Jun-2017 17:11:35 UTC] PHP Notice:  Undefined index: lng in /home/ubuntu/workspace/views_locationinfo/index.php on line 153
[03-Jun-2017 17:11:35 UTC] PHP Stack trace:
[03-Jun-2017 17:11:35 UTC] PHP   1. {main}() /home/ubuntu/workspace/views_locationinfo/index.php:0
[03-Jun-2017 17:11:35 UTC] PHP Notice:  Undefined index: lat in /home/ubuntu/workspace/views_locationinfo/index.php on line 152
[03-Jun-2017 17:11:35 UTC] PHP Stack trace:
[03-Jun-2017 17:11:35 UTC] PHP   1. {main}() /home/ubuntu/workspace/views_locationinfo/index.php:0
[03-Jun-2017 17:11:35 UTC] PHP Notice:  Undefined index: lng in /home/ubuntu/workspace/views_locationinfo/index.php on line 153
[03-Jun-2017 17:11:35 UTC] PHP Stack trace:
[03-Jun-2017 17:11:35 UTC] PHP   1. {main}() /home/ubuntu/workspace/views_locationinfo/index.php:0
[03-Jun-2017 17:11:35 UTC] PHP Notice:  Undefined index: lat in /home/ubuntu/workspace/views_locationinfo/index.php on line 152
[03-Jun-2017 17:11:35 UTC] PHP Stack trace:
[03-Jun-2017 17:11:35 UTC] PHP   1. {main}() /home/ubuntu/workspace/views_locationinfo/index.php:0
[03-Jun-2017 17:11:35 UTC] PHP Notice:  Undefined index: lng in /home/ubuntu/workspace/views_locationinfo/index.php on line 153
[03-Jun-2017 17:11:35 UTC] PHP Stack trace:
[03-Jun-2017 17:11:35 UTC] PHP   1. {main}() /home/ubuntu/workspace/views_locationinfo/index.php:0
[03-Jun-2017 17:11:36 UTC] PHP Notice:  Undefined index: lat in /home/ubuntu/workspace/views_locationinfo/index.php on line 152
[03-Jun-2017 17:11:36 UTC] PHP Stack trace:
[03-Jun-2017 17:11:36 UTC] PHP   1. {main}() /home/ubuntu/workspace/views_locationinfo/index.php:0
[03-Jun-2017 17:11:36 UTC] PHP Notice:  Undefined index: lng in /home/ubuntu/workspace/views_locationinfo/index.php on line 153
[03-Jun-2017 17:11:36 UTC] PHP Stack trace:
[03-Jun-2017 17:11:36 UTC] PHP   1. {main}() /home/ubuntu/workspace/views_locationinfo/index.php:0
[03-Jun-2017 17:11:36 UTC] PHP Notice:  Undefined index: lat in /home/ubuntu/workspace/views_locationinfo/index.php on line 152
[03-Jun-2017 17:11:36 UTC] PHP Stack trace:
[03-Jun-2017 17:11:36 UTC] PHP   1. {main}() /home/ubuntu/workspace/views_locationinfo/index.php:0
[03-Jun-2017 17:11:36 UTC] PHP Notice:  Undefined index: lng in /home/ubuntu/workspace/views_locationinfo/index.php on line 153
[03-Jun-2017 17:11:36 UTC] PHP Stack trace:
[03-Jun-2017 17:11:36 UTC] PHP   1. {main}() /home/ubuntu/workspace/views_locationinfo/index.php:0
[03-Jun-2017 17:11:36 UTC] PHP Notice:  Undefined index: lat in /home/ubuntu/workspace/views_locationinfo/index.php on line 152
[03-Jun-2017 17:11:36 UTC] PHP Stack trace:
[03-Jun-2017 17:11:36 UTC] PHP   1. {main}() /home/ubuntu/workspace/views_locationinfo/index.php:0
[03-Jun-2017 17:11:36 UTC] PHP Notice:  Undefined index: lng in /home/ubuntu/workspace/views_locationinfo/index.php on line 153
[03-Jun-2017 17:11:36 UTC] PHP Stack trace:
[03-Jun-2017 17:11:36 UTC] PHP   1. {main}() /home/ubuntu/workspace/views_locationinfo/index.php:0
[03-Jun-2017 17:11:36 UTC] PHP Notice:  Undefined index: lat in /home/ubuntu/workspace/views_locationinfo/index.php on line 152
[03-Jun-2017 17:11:36 UTC] PHP Stack trace:
[03-Jun-2017 17:11:36 UTC] PHP   1. {main}() /home/ubuntu/workspace/views_locationinfo/index.php:0
[03-Jun-2017 17:11:36 UTC] PHP Notice:  Undefined index: lng in /home/ubuntu/workspace/views_locationinfo/index.php on line 153
[03-Jun-2017 17:11:36 UTC] PHP Stack trace:
[03-Jun-2017 17:11:36 UTC] PHP   1. {main}() /home/ubuntu/workspace/views_locationinfo/index.php:0
[03-Jun-2017 17:11:37 UTC] PHP Notice:  Undefined index: lat in /home/ubuntu/workspace/views_locationinfo/index.php on line 152
[03-Jun-2017 17:11:37 UTC] PHP Stack trace:
[03-Jun-2017 17:11:37 UTC] PHP   1. {main}() /home/ubuntu/workspace/views_locationinfo/index.php:0
[03-Jun-2017 17:11:37 UTC] PHP Notice:  Undefined index: lng in /home/ubuntu/workspace/views_locationinfo/index.php on line 153
[03-Jun-2017 17:11:37 UTC] PHP Stack trace:
[03-Jun-2017 17:11:37 UTC] PHP   1. {main}() /home/ubuntu/workspace/views_locationinfo/index.php:0
[03-Jun-2017 17:11:45 UTC] PHP Notice:  Undefined index: lat in /home/ubuntu/workspace/views_locationinfo/index.php on line 152
[03-Jun-2017 17:11:45 UTC] PHP Stack trace:
[03-Jun-2017 17:11:45 UTC] PHP   1. {main}() /home/ubuntu/workspace/views_locationinfo/index.php:0
[03-Jun-2017 17:11:45 UTC] PHP Notice:  Undefined index: lng in /home/ubuntu/workspace/views_locationinfo/index.php on line 153
[03-Jun-2017 17:11:45 UTC] PHP Stack trace:
[03-Jun-2017 17:11:45 UTC] PHP   1. {main}() /home/ubuntu/workspace/views_locationinfo/index.php:0
[03-Jun-2017 17:11:45 UTC] PHP Notice:  Undefined index: lat in /home/ubuntu/workspace/views_locationinfo/index.php on line 152
[03-Jun-2017 17:11:45 UTC] PHP Stack trace:
[03-Jun-2017 17:11:45 UTC] PHP   1. {main}() /home/ubuntu/workspace/views_locationinfo/index.php:0
[03-Jun-2017 17:11:45 UTC] PHP Notice:  Undefined index: lng in /home/ubuntu/workspace/views_locationinfo/index.php on line 153
[03-Jun-2017 17:11:45 UTC] PHP Stack trace:
[03-Jun-2017 17:11:45 UTC] PHP   1. {main}() /home/ubuntu/workspace/views_locationinfo/index.php:0
[03-Jun-2017 17:11:49 UTC] PHP Notice:  Undefined index: lat in /home/ubuntu/workspace/views_locationinfo/index.php on line 152
[03-Jun-2017 17:11:49 UTC] PHP Stack trace:
[03-Jun-2017 17:11:49 UTC] PHP   1. {main}() /home/ubuntu/workspace/views_locationinfo/index.php:0
[03-Jun-2017 17:11:49 UTC] PHP Notice:  Undefined index: lng in /home/ubuntu/workspace/views_locationinfo/index.php on line 153
[03-Jun-2017 17:11:49 UTC] PHP Stack trace:
[03-Jun-2017 17:11:49 UTC] PHP   1. {main}() /home/ubuntu/workspace/views_locationinfo/index.php:0
[03-Jun-2017 17:11:50 UTC] PHP Notice:  Undefined index: lat in /home/ubuntu/workspace/views_locationinfo/index.php on line 152
[03-Jun-2017 17:11:50 UTC] PHP Stack trace:
[03-Jun-2017 17:11:50 UTC] PHP   1. {main}() /home/ubuntu/workspace/views_locationinfo/index.php:0
[03-Jun-2017 17:11:50 UTC] PHP Notice:  Undefined index: lng in /home/ubuntu/workspace/views_locationinfo/index.php on line 153
[03-Jun-2017 17:11:50 UTC] PHP Stack trace:
[03-Jun-2017 17:11:50 UTC] PHP   1. {main}() /home/ubuntu/workspace/views_locationinfo/index.php:0
[03-Jun-2017 17:17:30 UTC] PHP Notice:  Undefined index: lat in /home/ubuntu/workspace/views_locationinfo/index.php on line 152
[03-Jun-2017 17:17:30 UTC] PHP Stack trace:
[03-Jun-2017 17:17:30 UTC] PHP   1. {main}() /home/ubuntu/workspace/views_locationinfo/index.php:0
[03-Jun-2017 17:17:30 UTC] PHP Notice:  Undefined index: lng in /home/ubuntu/workspace/views_locationinfo/index.php on line 153
[03-Jun-2017 17:17:30 UTC] PHP Stack trace:
[03-Jun-2017 17:17:30 UTC] PHP   1. {main}() /home/ubuntu/workspace/views_locationinfo/index.php:0
[03-Jun-2017 17:17:32 UTC] PHP Notice:  Undefined index: lat in /home/ubuntu/workspace/views_locationinfo/index.php on line 152
[03-Jun-2017 17:17:32 UTC] PHP Stack trace:
[03-Jun-2017 17:17:32 UTC] PHP   1. {main}() /home/ubuntu/workspace/views_locationinfo/index.php:0
[03-Jun-2017 17:17:32 UTC] PHP Notice:  Undefined index: lng in /home/ubuntu/workspace/views_locationinfo/index.php on line 153
[03-Jun-2017 17:17:32 UTC] PHP Stack trace:
[03-Jun-2017 17:17:32 UTC] PHP   1. {main}() /home/ubuntu/workspace/views_locationinfo/index.php:0
[03-Jun-2017 17:24:53 UTC] PHP Notice:  Undefined index: lat in /home/ubuntu/workspace/views_locationinfo/index.php on line 152
[03-Jun-2017 17:24:53 UTC] PHP Stack trace:
[03-Jun-2017 17:24:53 UTC] PHP   1. {main}() /home/ubuntu/workspace/views_locationinfo/index.php:0
[03-Jun-2017 17:24:53 UTC] PHP Notice:  Undefined index: lng in /home/ubuntu/workspace/views_locationinfo/index.php on line 153
[03-Jun-2017 17:24:53 UTC] PHP Stack trace:
[03-Jun-2017 17:24:53 UTC] PHP   1. {main}() /home/ubuntu/workspace/views_locationinfo/index.php:0
[03-Jun-2017 17:25:52 UTC] PHP Notice:  Undefined index: lat in /home/ubuntu/workspace/views_locationinfo/index.php on line 152
[03-Jun-2017 17:25:52 UTC] PHP Stack trace:
[03-Jun-2017 17:25:52 UTC] PHP   1. {main}() /home/ubuntu/workspace/views_locationinfo/index.php:0
[04-Jun-2017 06:01:11 UTC] PHP Warning:  include(../views_common/header_with_logout.php): failed to open stream: No such file or directory in /home/ubuntu/workspace/views_post/index.php on line 3
[04-Jun-2017 06:01:11 UTC] PHP Stack trace:
[04-Jun-2017 06:01:11 UTC] PHP   1. {main}() /home/ubuntu/workspace/views_post/index.php:0
[04-Jun-2017 06:01:11 UTC] PHP Warning:  include(): Failed opening '../views_common/header_with_logout.php' for inclusion (include_path='.:/usr/share/php:/usr/share/pear') in /home/ubuntu/workspace/views_post/index.php on line 3
[04-Jun-2017 06:01:11 UTC] PHP Stack trace:
[04-Jun-2017 06:01:11 UTC] PHP   1. {main}() /home/ubuntu/workspace/views_post/index.php:0
[04-Jun-2017 06:05:17 UTC] PHP Parse error:  syntax error, unexpected '}' in /home/ubuntu/workspace/views_post/index.php on line 89
[04-Jun-2017 06:09:56 UTC] PHP Notice:  Undefined index: post_id in /home/ubuntu/workspace/api/get_replies.php on line 4
[04-Jun-2017 06:09:56 UTC] PHP Stack trace:
[04-Jun-2017 06:09:56 UTC] PHP   1. {main}() /home/ubuntu/workspace/views_post/index.php:0
[04-Jun-2017 06:09:56 UTC] PHP   2. include() /home/ubuntu/workspace/views_post/index.php:7
[04-Jun-2017 06:15:24 UTC] PHP Notice:  Undefined index: post_id in /home/ubuntu/workspace/api/get_replies.php on line 4
[04-Jun-2017 06:15:24 UTC] PHP Stack trace:
[04-Jun-2017 06:15:24 UTC] PHP   1. {main}() /home/ubuntu/workspace/views_post/index.php:0
[04-Jun-2017 06:15:24 UTC] PHP   2. include() /home/ubuntu/workspace/views_post/index.php:7
[04-Jun-2017 06:46:45 UTC] PHP Parse error:  syntax error, unexpected '$user_id' (T_VARIABLE) in /home/ubuntu/workspace/views_post/index.php on line 8
[04-Jun-2017 06:46:56 UTC] PHP Notice:  Undefined index: post_id in /home/ubuntu/workspace/api/get_replies.php on line 4
[04-Jun-2017 06:46:56 UTC] PHP Stack trace:
[04-Jun-2017 06:46:56 UTC] PHP   1. {main}() /home/ubuntu/workspace/views_post/index.php:0
[04-Jun-2017 06:46:56 UTC] PHP   2. include() /home/ubuntu/workspace/views_post/index.php:6
[04-Jun-2017 06:53:15 UTC] PHP Notice:  Undefined index: post_id in /home/ubuntu/workspace/api/get_replies.php on line 4
[04-Jun-2017 06:53:15 UTC] PHP Stack trace:
[04-Jun-2017 06:53:15 UTC] PHP   1. {main}() /home/ubuntu/workspace/views_post/index.php:0
[04-Jun-2017 06:53:15 UTC] PHP   2. include() /home/ubuntu/workspace/views_post/index.php:6
[04-Jun-2017 07:07:01 UTC] PHP Notice:  Undefined index: post_id in /home/ubuntu/workspace/api/get_replies.php on line 4
[04-Jun-2017 07:07:01 UTC] PHP Stack trace:
[04-Jun-2017 07:07:01 UTC] PHP   1. {main}() /home/ubuntu/workspace/views_post/index.php:0
[04-Jun-2017 07:07:01 UTC] PHP   2. include() /home/ubuntu/workspace/views_post/index.php:6
[04-Jun-2017 07:07:29 UTC] PHP Notice:  Undefined index: post_id in /home/ubuntu/workspace/api/get_replies.php on line 4
[04-Jun-2017 07:07:29 UTC] PHP Stack trace:
[04-Jun-2017 07:07:29 UTC] PHP   1. {main}() /home/ubuntu/workspace/views_post/index.php:0
[04-Jun-2017 07:07:29 UTC] PHP   2. include() /home/ubuntu/workspace/views_post/index.php:6
[04-Jun-2017 07:07:53 UTC] PHP Notice:  Undefined index: post_id in /home/ubuntu/workspace/api/get_replies.php on line 4
[04-Jun-2017 07:07:53 UTC] PHP Stack trace:
[04-Jun-2017 07:07:53 UTC] PHP   1. {main}() /home/ubuntu/workspace/views_post/index.php:0
[04-Jun-2017 07:07:53 UTC] PHP   2. include() /home/ubuntu/workspace/views_post/index.php:6
[04-Jun-2017 07:25:19 UTC] PHP Notice:  Undefined index: post_id in /home/ubuntu/workspace/api/get_replies.php on line 4
[04-Jun-2017 07:25:19 UTC] PHP Stack trace:
[04-Jun-2017 07:25:19 UTC] PHP   1. {main}() /home/ubuntu/workspace/views_post/index.php:0
[04-Jun-2017 07:25:19 UTC] PHP   2. include() /home/ubuntu/workspace/views_post/index.php:10
[04-Jun-2017 07:29:22 UTC] PHP Notice:  Undefined index: post_id in /home/ubuntu/workspace/api/get_replies.php on line 4
[04-Jun-2017 07:29:22 UTC] PHP Stack trace:
[04-Jun-2017 07:29:22 UTC] PHP   1. {main}() /home/ubuntu/workspace/views_post/index.php:0
[04-Jun-2017 07:29:22 UTC] PHP   2. include() /home/ubuntu/workspace/views_post/index.php:10
[04-Jun-2017 07:30:21 UTC] PHP Notice:  Undefined index: post_id in /home/ubuntu/workspace/api/get_replies.php on line 4
[04-Jun-2017 07:30:21 UTC] PHP Stack trace:
[04-Jun-2017 07:30:21 UTC] PHP   1. {main}() /home/ubuntu/workspace/views_post/index.php:0
[04-Jun-2017 07:30:21 UTC] PHP   2. include() /home/ubuntu/workspace/views_post/index.php:10
